Sun Apr  3 22:16:41 GMT 2022
Programming this app
Sun Apr  3 22:20:01 GMT 2022
Sun Apr  3 22:20:39 GMT 2022
figuring out why crontab didn't work
Sun Apr  3 22:22:01 GMT 2022
Sun Apr  3 22:23:01 GMT 2022
Sun Apr  3 22:24:01 GMT 2022
realizing crontab worked!
Sun Apr  3 22:30:01 GMT 2022
go puzzles
Sun Apr  3 22:45:01 GMT 2022
go puzzles
Sun Apr  3 23:00:01 GMT 2022
alerts sounds
Sun Apr  3 23:15:01 GMT 2022
cooking and pooping
Sun Apr  3 23:30:01 GMT 2022
go puzzles and dumb yt
Sun Apr  3 23:45:01 GMT 2022
reddit lol
Mon Apr  4 00:00:01 GMT 2022
go puzzles
Mon Apr  4 00:15:01 GMT 2022
go puzzles
Mon Apr  4 00:30:01 GMT 2022
ukraine video
Mon Apr  4 00:45:01 GMT 2022
go puzzles
Mon Apr  4 01:00:01 GMT 2022
go videos
Mon Apr  4 01:15:01 GMT 2022
game 4 analysis
Mon Apr  4 01:30:01 GMT 2022
go videos
Mon Apr  4 01:45:01 GMT 2022
go meetups
Mon Apr  4 02:00:01 GMT 2022
go puzzles
Mon Apr  4 02:15:01 GMT 2022
go puzzles
Mon Apr  4 02:30:01 GMT 2022
go puzzles
Mon Apr  4 02:45:01 GMT 2022
reading about go
Mon Apr  4 15:00:01 GMT 2022
go tutorial video
Mon Apr  4 15:15:01 GMT 2022
making toast
Mon Apr  4 15:30:01 GMT 2022
dumb yt
Mon Apr  4 15:45:02 GMT 2022
playing go
Mon Apr  4 16:00:01 GMT 2022
playing go
Mon Apr  4 16:15:01 GMT 2022
reddit
Mon Apr  4 16:30:01 GMT 2022
prawns
Mon Apr  4 16:45:01 GMT 2022
twitter + reddit
Mon Apr  4 17:00:01 GMT 2022
playing go
Mon Apr  4 17:15:01 GMT 2022
alphago doc again
Mon Apr  4 17:30:01 GMT 2022
alphago doc
Mon Apr  4 17:45:01 GMT 2022
alphago doc
Mon Apr  4 18:00:01 GMT 2022
alphago doc
Mon Apr  4 18:15:01 GMT 2022
playing go
Mon Apr  4 18:30:01 GMT 2022
go video
Mon Apr  4 18:45:01 GMT 2022
playing go
Mon Apr  4 19:00:01 GMT 2022
playing go
Mon Apr  4 19:15:01 GMT 2022
playing go
Mon Apr  4 19:30:01 GMT 2022
go puzzles
Mon Apr  4 20:00:05 GMT 2022
Mon Apr  4 20:15:20 GMT 2022
getting tea
Mon Apr  4 20:30:01 GMT 2022
teko
Mon Apr  4 20:45:01 GMT 2022
teko
Mon Apr  4 21:00:01 GMT 2022
teko
Mon Apr  4 21:15:01 GMT 2022
teko
Mon Apr  4 21:30:12 GMT 2022
Mon Apr  4 21:45:14 GMT 2022
Mon Apr  4 22:00:01 GMT 2022
reddit
Mon Apr  4 22:15:01 GMT 2022
playing go
Mon Apr  4 22:30:02 GMT 2022
playing go
Mon Apr  4 22:45:01 GMT 2022
playing go
Mon Apr  4 23:00:01 GMT 2022
playing go
Mon Apr  4 23:15:01 GMT 2022
playing go
Mon Apr  4 23:30:01 GMT 2022
cooking
Mon Apr  4 23:45:01 GMT 2022
playing go
Tue Apr  5 00:00:01 GMT 2022
playing go + duolingo
Tue Apr  5 00:15:01 GMT 2022
dumb yt
Tue Apr  5 01:30:01 GMT 2022
putting on basketball
Tue Apr  5 01:45:01 GMT 2022
watching basketball
Tue Apr  5 02:00:01 GMT 2022
Tue Apr  5 02:30:09 GMT 2022
Tue Apr  5 02:45:01 GMT 2022
basketball
Tue Apr  5 03:00:01 GMT 2022
basketball
Tue Apr  5 03:15:01 GMT 2022
basketball
Tue Apr  5 15:30:01 GMT 2022
setting up
Tue Apr  5 15:45:01 GMT 2022
tldr news
Tue Apr  5 16:00:01 GMT 2022
alphago doc
Tue Apr  5 16:15:01 GMT 2022
alphago doc
Tue Apr  5 16:30:01 GMT 2022
alphago doc
Tue Apr  5 16:45:01 GMT 2022
reading about alphago
Tue Apr  5 17:00:01 GMT 2022
reddit
Tue Apr  5 17:15:01 GMT 2022
thinning plants
Tue Apr  5 17:30:01 GMT 2022
tending plants
Tue Apr  5 17:45:01 GMT 2022
playing go
Tue Apr  5 18:00:01 GMT 2022
trying to play go
Tue Apr  5 18:15:01 GMT 2022
playing go
Tue Apr  5 18:30:01 GMT 2022
strumming chords
Tue Apr  5 18:45:01 GMT 2022
playing go
Tue Apr  5 19:00:01 GMT 2022
playing go
Tue Apr  5 19:15:01 GMT 2022
misc
Tue Apr  5 19:30:01 GMT 2022
playing go
Tue Apr  5 19:45:01 GMT 2022
playing go
Tue Apr  5 20:00:01 GMT 2022
afk
Tue Apr  5 20:15:01 GMT 2022
bedsheets
Tue Apr  5 20:30:01 GMT 2022
laundry n stuff
Tue Apr  5 20:45:01 GMT 2022
misc
Tue Apr  5 21:00:01 GMT 2022
playing go
Tue Apr  5 21:15:01 GMT 2022
playing go
Tue Apr  5 21:30:01 GMT 2022
playing go
Tue Apr  5 21:45:01 GMT 2022
playing go
Tue Apr  5 22:00:01 GMT 2022
dishes
Tue Apr  5 22:15:01 GMT 2022
chatting, working on break reminder
Tue Apr  5 22:30:01 GMT 2022
chatting
Tue Apr  5 22:45:01 GMT 2022
chatting
Tue Apr  5 23:15:01 GMT 2022
break reminder
Tue Apr  5 23:30:01 GMT 2022
break reminder
Tue Apr  5 23:45:01 GMT 2022
break reminder
Wed Apr  6 00:00:01 GMT 2022
break reminder
Wed Apr  6 00:15:01 GMT 2022
break reminder
Wed Apr  6 00:30:01 GMT 2022
break reminder
Wed Apr  6 00:45:01 GMT 2022
break reminder
Wed Apr  6 01:00:01 GMT 2022
break reminder
Wed Apr  6 01:15:01 GMT 2022
break reminder
Wed Apr  6 01:30:01 GMT 2022
break reminder
Wed Apr  6 01:45:01 GMT 2022
break reminder
Wed Apr  6 02:00:01 GMT 2022
break reminder
Wed Apr  6 02:15:01 GMT 2022
break reminder
Wed Apr  6 02:30:01 GMT 2022
chatting
Wed Apr  6 02:45:01 GMT 2022
break reminder
Wed Apr  6 03:00:01 GMT 2022
Wed Apr  6 03:15:01 GMT 2022
break reminder
Wed Apr  6 03:30:01 GMT 2022
break reminder
Wed Apr  6 03:45:01 GMT 2022
break reminder
Wed Apr  6 04:00:01 GMT 2022
break reminder
